{"contracts\\NftMarketplace.sol":{"l":{"59":13,"60":13,"61":1,"64":12,"72":18,"73":18,"74":18,"75":3,"77":15,"81":8,"82":8,"83":3,"85":5,"106":11,"107":0,"110":11,"111":11,"112":1,"114":10,"115":10,"125":3,"126":3,"127":1,"129":2,"130":2,"131":2,"134":2,"139":1,"140":1,"145":1,"146":1,"150":2,"151":2,"152":1,"154":1,"155":1,"156":1,"157":0,"166":3,"170":2},"path":"C:\\Users\\Amar\\Documents\\blockchain\\hardhat-nft-marketplace\\contracts\\NftMarketplace.sol","s":{"1":13,"2":13,"3":18,"4":18,"5":18,"6":8,"7":8,"8":11,"9":11,"10":11,"11":10,"12":3,"13":3,"14":2,"15":2,"16":1,"17":1,"18":2,"19":2,"20":1,"21":1,"22":3,"23":2},"b":{"1":[1,12],"2":[3,15],"3":[3,5],"4":[12,1],"5":[11,1],"6":[0,11],"7":[1,10],"8":[4,0],"9":[3,1],"10":[1,2],"11":[2,1],"12":[1,1],"13":[2,1],"14":[1,1],"15":[1,1],"16":[0,1]},"f":{"1":13,"2":18,"3":8,"4":11,"5":3,"6":1,"7":1,"8":2,"9":3,"10":2},"fnMap":{"1":{"name":"notListed","line":54,"loc":{"start":{"line":54,"column":4},"end":{"line":65,"column":4}}},"2":{"name":"isOwner","line":67,"loc":{"start":{"line":67,"column":4},"end":{"line":78,"column":4}}},"3":{"name":"isListed","line":80,"loc":{"start":{"line":80,"column":4},"end":{"line":86,"column":4}}},"4":{"name":"listItem","line":104,"loc":{"start":{"line":97,"column":4},"end":{"line":116,"column":4}}},"5":{"name":"buyItem","line":124,"loc":{"start":{"line":121,"column":4},"end":{"line":135,"column":4}}},"6":{"name":"cancelListing","line":138,"loc":{"start":{"line":137,"column":4},"end":{"line":141,"column":4}}},"7":{"name":"updateListing","line":144,"loc":{"start":{"line":143,"column":4},"end":{"line":147,"column":4}}},"8":{"name":"withdrawProceeds","line":149,"loc":{"start":{"line":149,"column":4},"end":{"line":159,"column":4}}},"9":{"name":"getListing","line":165,"loc":{"start":{"line":165,"column":4},"end":{"line":167,"column":4}}},"10":{"name":"getProceeds","line":169,"loc":{"start":{"line":169,"column":4},"end":{"line":171,"column":4}}}},"statementMap":{"1":{"start":{"line":59,"column":8},"end":{"line":59,"column":64}},"2":{"start":{"line":60,"column":8},"end":{"line":60,"column":2042}},"3":{"start":{"line":72,"column":8},"end":{"line":72,"column":41}},"4":{"start":{"line":73,"column":8},"end":{"line":73,"column":44}},"5":{"start":{"line":74,"column":8},"end":{"line":74,"column":2552}},"6":{"start":{"line":81,"column":8},"end":{"line":81,"column":64}},"7":{"start":{"line":82,"column":8},"end":{"line":82,"column":2794}},"8":{"start":{"line":106,"column":8},"end":{"line":106,"column":3448}},"9":{"start":{"line":110,"column":8},"end":{"line":110,"column":41}},"10":{"start":{"line":111,"column":8},"end":{"line":111,"column":3592}},"11":{"start":{"line":115,"column":8},"end":{"line":115,"column":63}},"12":{"start":{"line":125,"column":8},"end":{"line":125,"column":67}},"13":{"start":{"line":126,"column":8},"end":{"line":126,"column":4855}},"14":{"start":{"line":131,"column":8},"end":{"line":131,"column":83}},"15":{"start":{"line":134,"column":8},"end":{"line":134,"column":74}},"16":{"start":{"line":140,"column":8},"end":{"line":140,"column":58}},"17":{"start":{"line":146,"column":8},"end":{"line":146,"column":66}},"18":{"start":{"line":150,"column":8},"end":{"line":150,"column":49}},"19":{"start":{"line":151,"column":8},"end":{"line":151,"column":6049}},"20":{"start":{"line":155,"column":8},"end":{"line":155,"column":72}},"21":{"start":{"line":156,"column":8},"end":{"line":156,"column":6252}},"22":{"start":{"line":166,"column":8},"end":{"line":166,"column":46}},"23":{"start":{"line":170,"column":8},"end":{"line":170,"column":33}}},"branchMap":{"1":{"line":60,"type":"if","locations":[{"start":{"line":60,"column":8},"end":{"line":60,"column":8}},{"start":{"line":60,"column":8},"end":{"line":60,"column":8}}]},"2":{"line":74,"type":"if","locations":[{"start":{"line":74,"column":8},"end":{"line":74,"column":8}},{"start":{"line":74,"column":8},"end":{"line":74,"column":8}}]},"3":{"line":82,"type":"if","locations":[{"start":{"line":82,"column":8},"end":{"line":82,"column":8}},{"start":{"line":82,"column":8},"end":{"line":82,"column":8}}]},"4":{"line":103,"type":"if","locations":[{"start":{"line":103,"column":8},"end":{"line":103,"column":8}},{"start":{"line":103,"column":8},"end":{"line":103,"column":8}}]},"5":{"line":104,"type":"if","locations":[{"start":{"line":104,"column":8},"end":{"line":104,"column":8}},{"start":{"line":104,"column":8},"end":{"line":104,"column":8}}]},"6":{"line":106,"type":"if","locations":[{"start":{"line":106,"column":8},"end":{"line":106,"column":8}},{"start":{"line":106,"column":8},"end":{"line":106,"column":8}}]},"7":{"line":111,"type":"if","locations":[{"start":{"line":111,"column":8},"end":{"line":111,"column":8}},{"start":{"line":111,"column":8},"end":{"line":111,"column":8}}]},"8":{"line":124,"type":"if","locations":[{"start":{"line":124,"column":23},"end":{"line":124,"column":23}},{"start":{"line":124,"column":23},"end":{"line":124,"column":23}}]},"9":{"line":124,"type":"if","locations":[{"start":{"line":124,"column":36},"end":{"line":124,"column":36}},{"start":{"line":124,"column":36},"end":{"line":124,"column":36}}]},"10":{"line":126,"type":"if","locations":[{"start":{"line":126,"column":8},"end":{"line":126,"column":8}},{"start":{"line":126,"column":8},"end":{"line":126,"column":8}}]},"11":{"line":137,"type":"if","locations":[{"start":{"line":137,"column":73},"end":{"line":137,"column":73}},{"start":{"line":137,"column":73},"end":{"line":137,"column":73}}]},"12":{"line":138,"type":"if","locations":[{"start":{"line":138,"column":4},"end":{"line":138,"column":4}},{"start":{"line":138,"column":4},"end":{"line":138,"column":4}}]},"13":{"line":143,"type":"if","locations":[{"start":{"line":143,"column":91},"end":{"line":143,"column":91}},{"start":{"line":143,"column":91},"end":{"line":143,"column":91}}]},"14":{"line":144,"type":"if","locations":[{"start":{"line":144,"column":4},"end":{"line":144,"column":4}},{"start":{"line":144,"column":4},"end":{"line":144,"column":4}}]},"15":{"line":151,"type":"if","locations":[{"start":{"line":151,"column":8},"end":{"line":151,"column":8}},{"start":{"line":151,"column":8},"end":{"line":151,"column":8}}]},"16":{"line":156,"type":"if","locations":[{"start":{"line":156,"column":8},"end":{"line":156,"column":8}},{"start":{"line":156,"column":8},"end":{"line":156,"column":8}}]}}},"contracts\\test\\BasicNft.sol":{"l":{"13":3,"17":15,"18":15,"19":15,"27":0,"31":0},"path":"C:\\Users\\Amar\\Documents\\blockchain\\hardhat-nft-marketplace\\contracts\\test\\BasicNft.sol","s":{"1":15,"2":15,"3":0,"4":0},"b":{},"f":{"1":3,"2":15,"3":0,"4":0},"fnMap":{"1":{"name":"constructor","line":12,"loc":{"start":{"line":12,"column":2},"end":{"line":14,"column":2}}},"2":{"name":"mintNft","line":16,"loc":{"start":{"line":16,"column":2},"end":{"line":20,"column":2}}},"3":{"name":"tokenURI","line":24,"loc":{"start":{"line":24,"column":2},"end":{"line":28,"column":2}}},"4":{"name":"getTokenCounter","line":30,"loc":{"start":{"line":30,"column":2},"end":{"line":32,"column":2}}}},"statementMap":{"1":{"start":{"line":17,"column":6},"end":{"line":17,"column":42}},"2":{"start":{"line":18,"column":6},"end":{"line":18,"column":36}},"3":{"start":{"line":27,"column":6},"end":{"line":27,"column":22}},"4":{"start":{"line":31,"column":6},"end":{"line":31,"column":27}}},"branchMap":{}}}